2023-08-06 08:31:44.718038 - Initialized conversion of CBT931
2023-08-06 08:31:45.248611 - Received CBT.V505.FILE931.PDS from FILE931.XMI 
2023-08-06 08:31:45.251013 - Found $$$#DATE.txt (text/plain) in CBT.V505.FILE931.PDS, moved to PDS/$$$#DATE
2023-08-06 08:31:45.252123 - Found #READMEC.txt (text/plain) in CBT.V505.FILE931.PDS, moved to PDS/#READMEC
2023-08-06 08:31:45.253121 - Found #READMER.txt (text/plain) in CBT.V505.FILE931.PDS, moved to PDS/#READMER
2023-08-06 08:31:45.254091 - Found @FILE931.txt (text/plain) in CBT.V505.FILE931.PDS, moved to PDS/@FILE931
2023-08-06 08:31:45.254971 - Found CLST0001.txt (text/plain) in CBT.V505.FILE931.PDS, moved to PDS/CLST0001
2023-08-06 08:31:45.255922 - Found CLST0002.txt (text/plain) in CBT.V505.FILE931.PDS, moved to PDS/CLST0002
2023-08-06 08:31:45.256813 - Found CLST0003.txt (text/plain) in CBT.V505.FILE931.PDS, moved to PDS/CLST0003
2023-08-06 08:31:45.257653 - Found CLST0004.txt (text/plain) in CBT.V505.FILE931.PDS, moved to PDS/CLST0004
2023-08-06 08:31:45.258515 - Found CLST0005.txt (text/plain) in CBT.V505.FILE931.PDS, moved to PDS/CLST0005
2023-08-06 08:31:45.259446 - Found CLST0006.txt (text/plain) in CBT.V505.FILE931.PDS, moved to PDS/CLST0006
2023-08-06 08:31:45.260303 - Found CLST0007.txt (text/plain) in CBT.V505.FILE931.PDS, moved to PDS/CLST0007
2023-08-06 08:31:45.261167 - Found CLST0008.txt (text/plain) in CBT.V505.FILE931.PDS, moved to PDS/CLST0008
2023-08-06 08:31:45.262157 - Found CLST0009.txt (text/plain) in CBT.V505.FILE931.PDS, moved to PDS/CLST0009
2023-08-06 08:31:45.263125 - Found CLST0010.txt (text/plain) in CBT.V505.FILE931.PDS, moved to PDS/CLST0010
2023-08-06 08:31:45.264006 - Found CLST0011.txt (text/plain) in CBT.V505.FILE931.PDS, moved to PDS/CLST0011
2023-08-06 08:31:45.265026 - Found CLST0012.txt (text/plain) in CBT.V505.FILE931.PDS, moved to PDS/CLST0012
2023-08-06 08:31:45.266011 - Found CLST0013.txt (text/plain) in CBT.V505.FILE931.PDS, moved to PDS/CLST0013
2023-08-06 08:31:45.266992 - Found CLST0014.txt (text/plain) in CBT.V505.FILE931.PDS, moved to PDS/CLST0014
2023-08-06 08:31:45.267928 - Found CLST0015.txt (text/plain) in CBT.V505.FILE931.PDS, moved to PDS/CLST0015
2023-08-06 08:31:45.268816 - Found CLST0016.txt (text/plain) in CBT.V505.FILE931.PDS, moved to PDS/CLST0016
2023-08-06 08:31:45.269783 - Found CLST0017.txt (text/plain) in CBT.V505.FILE931.PDS, moved to PDS/CLST0017
2023-08-06 08:31:45.270825 - Found CLST0018.txt (text/plain) in CBT.V505.FILE931.PDS, moved to PDS/CLST0018
2023-08-06 08:31:45.271696 - Found CLST0019.txt (text/plain) in CBT.V505.FILE931.PDS, moved to PDS/CLST0019
2023-08-06 08:31:45.272579 - Found CLST0020.txt (text/plain) in CBT.V505.FILE931.PDS, moved to PDS/CLST0020
2023-08-06 08:31:45.273598 - Found CLST0021.txt (text/plain) in CBT.V505.FILE931.PDS, moved to PDS/CLST0021
2023-08-06 08:31:45.274578 - Found CLST0022.txt (text/plain) in CBT.V505.FILE931.PDS, moved to PDS/CLST0022
2023-08-06 08:31:45.275502 - Found CLST0023.txt (text/plain) in CBT.V505.FILE931.PDS, moved to PDS/CLST0023
2023-08-06 08:31:45.276402 - Found CLST0024.txt (text/plain) in CBT.V505.FILE931.PDS, moved to PDS/CLST0024
2023-08-06 08:31:45.277323 - Found CLST0025.txt (text/plain) in CBT.V505.FILE931.PDS, moved to PDS/CLST0025
2023-08-06 08:31:45.278158 - Found CLST0026.txt (text/plain) in CBT.V505.FILE931.PDS, moved to PDS/CLST0026
2023-08-06 08:31:45.279196 - Found CLST0027.txt (text/plain) in CBT.V505.FILE931.PDS, moved to PDS/CLST0027
2023-08-06 08:31:45.280068 - Found CLST0028.txt (text/plain) in CBT.V505.FILE931.PDS, moved to PDS/CLST0028
2023-08-06 08:31:45.281111 - Found CLST0029.txt (text/plain) in CBT.V505.FILE931.PDS, moved to PDS/CLST0029
2023-08-06 08:31:45.282085 - Found CLST0030.txt (text/plain) in CBT.V505.FILE931.PDS, moved to PDS/CLST0030
2023-08-06 08:31:45.282986 - Found CLST0031.txt (text/plain) in CBT.V505.FILE931.PDS, moved to PDS/CLST0031
2023-08-06 08:31:45.284043 - Found CLST0032.txt (text/plain) in CBT.V505.FILE931.PDS, moved to PDS/CLST0032
2023-08-06 08:31:45.285172 - Found CLST0033.txt (text/plain) in CBT.V505.FILE931.PDS, moved to PDS/CLST0033
2023-08-06 08:31:45.286247 - Found CLST0034.txt (text/plain) in CBT.V505.FILE931.PDS, moved to PDS/CLST0034
2023-08-06 08:31:45.287240 - Found CLST0035.txt (text/plain) in CBT.V505.FILE931.PDS, moved to PDS/CLST0035
2023-08-06 08:31:45.288153 - Found CLST0036.txt (text/plain) in CBT.V505.FILE931.PDS, moved to PDS/CLST0036
2023-08-06 08:31:45.289059 - Found CLST0037.txt (text/plain) in CBT.V505.FILE931.PDS, moved to PDS/CLST0037
2023-08-06 08:31:45.289920 - Found CLST0038.txt (text/plain) in CBT.V505.FILE931.PDS, moved to PDS/CLST0038
2023-08-06 08:31:45.290787 - Found CLST0039.txt (text/plain) in CBT.V505.FILE931.PDS, moved to PDS/CLST0039
2023-08-06 08:31:45.291649 - Found CLST0040.txt (text/plain) in CBT.V505.FILE931.PDS, moved to PDS/CLST0040
2023-08-06 08:31:45.292522 - Found CLST0041.txt (text/plain) in CBT.V505.FILE931.PDS, moved to PDS/CLST0041
2023-08-06 08:31:45.293449 - Found CLST0042.txt (text/plain) in CBT.V505.FILE931.PDS, moved to PDS/CLST0042
2023-08-06 08:31:45.294408 - Found CLST0043.txt (text/plain) in CBT.V505.FILE931.PDS, moved to PDS/CLST0043
2023-08-06 08:31:45.295450 - Found CLST0044.txt (text/plain) in CBT.V505.FILE931.PDS, moved to PDS/CLST0044
2023-08-06 08:31:45.296341 - Found CLST0045.txt (text/plain) in CBT.V505.FILE931.PDS, moved to PDS/CLST0045
2023-08-06 08:31:45.297256 - Found CLST0046.txt (text/plain) in CBT.V505.FILE931.PDS, moved to PDS/CLST0046
2023-08-06 08:31:45.298237 - Found CLST0047.txt (text/plain) in CBT.V505.FILE931.PDS, moved to PDS/CLST0047
2023-08-06 08:31:45.299110 - Found CLST0048.txt (text/plain) in CBT.V505.FILE931.PDS, moved to PDS/CLST0048
2023-08-06 08:31:45.300009 - Found CLST0049.txt (text/plain) in CBT.V505.FILE931.PDS, moved to PDS/CLST0049
2023-08-06 08:31:45.300975 - Found CLST0050.txt (text/plain) in CBT.V505.FILE931.PDS, moved to PDS/CLST0050
2023-08-06 08:31:45.301934 - Found CLST0051.txt (text/plain) in CBT.V505.FILE931.PDS, moved to PDS/CLST0051
2023-08-06 08:31:45.302792 - Found CLST0052.txt (text/plain) in CBT.V505.FILE931.PDS, moved to PDS/CLST0052
2023-08-06 08:31:45.303640 - Found CLST0053.txt (text/plain) in CBT.V505.FILE931.PDS, moved to PDS/CLST0053
2023-08-06 08:31:45.304576 - Found CLST0054.txt (text/plain) in CBT.V505.FILE931.PDS, moved to PDS/CLST0054
2023-08-06 08:31:45.305519 - Found CLST0055.txt (text/plain) in CBT.V505.FILE931.PDS, moved to PDS/CLST0055
2023-08-06 08:31:45.306392 - Found CLST0056.txt (text/plain) in CBT.V505.FILE931.PDS, moved to PDS/CLST0056
2023-08-06 08:31:45.307311 - Found CLST0057.txt (text/plain) in CBT.V505.FILE931.PDS, moved to PDS/CLST0057
2023-08-06 08:31:45.308140 - Found CLST0058.txt (text/plain) in CBT.V505.FILE931.PDS, moved to PDS/CLST0058
2023-08-06 08:31:45.308960 - Found CLST0059.txt (text/plain) in CBT.V505.FILE931.PDS, moved to PDS/CLST0059
2023-08-06 08:31:45.309919 - Found CLST0060.txt (text/plain) in CBT.V505.FILE931.PDS, moved to PDS/CLST0060
2023-08-06 08:31:45.309929 - Found CLST0061.bin containing application/octet-stream, moved to PDS/CLST0061
2023-08-06 08:31:45.311639 - Found REXX0001.rexx (text/plain) in CBT.V505.FILE931.PDS, moved to PDS/REXX0001
2023-08-06 08:31:45.312463 - Found REXX0002.rexx (text/plain) in CBT.V505.FILE931.PDS, moved to PDS/REXX0002
2023-08-06 08:31:45.313272 - Found REXX0003.rexx (text/plain) in CBT.V505.FILE931.PDS, moved to PDS/REXX0003
2023-08-06 08:31:45.314195 - Found REXX0004.rexx (text/plain) in CBT.V505.FILE931.PDS, moved to PDS/REXX0004
2023-08-06 08:31:45.315102 - Found REXX0005.rexx (text/plain) in CBT.V505.FILE931.PDS, moved to PDS/REXX0005
2023-08-06 08:31:45.316023 - Found REXX0006.rexx (text/plain) in CBT.V505.FILE931.PDS, moved to PDS/REXX0006
2023-08-06 08:31:45.316987 - Found REXX0007.rexx (text/plain) in CBT.V505.FILE931.PDS, moved to PDS/REXX0007
2023-08-06 08:31:45.317898 - Found REXX0008.rexx (text/plain) in CBT.V505.FILE931.PDS, moved to PDS/REXX0008
2023-08-06 08:31:45.318806 - Found REXX0009.rexx (text/plain) in CBT.V505.FILE931.PDS, moved to PDS/REXX0009
2023-08-06 08:31:45.319730 - Found REXX0010.rexx (text/plain) in CBT.V505.FILE931.PDS, moved to PDS/REXX0010
2023-08-06 08:31:45.320626 - Found REXX0011.rexx (text/plain) in CBT.V505.FILE931.PDS, moved to PDS/REXX0011
2023-08-06 08:31:45.321563 - Found REXX0012.rexx (text/plain) in CBT.V505.FILE931.PDS, moved to PDS/REXX0012
2023-08-06 08:31:45.322518 - Found REXX0013.rexx (text/plain) in CBT.V505.FILE931.PDS, moved to PDS/REXX0013
2023-08-06 08:31:45.323337 - Found REXX0014.rexx (text/plain) in CBT.V505.FILE931.PDS, moved to PDS/REXX0014
2023-08-06 08:31:45.324131 - Found REXX0015.rexx (text/plain) in CBT.V505.FILE931.PDS, moved to PDS/REXX0015
2023-08-06 08:31:45.325059 - Found REXX0016.rexx (text/plain) in CBT.V505.FILE931.PDS, moved to PDS/REXX0016
2023-08-06 08:31:45.325958 - Found REXX0017.rexx (text/plain) in CBT.V505.FILE931.PDS, moved to PDS/REXX0017
2023-08-06 08:31:45.326770 - Found REXX0018.rexx (text/plain) in CBT.V505.FILE931.PDS, moved to PDS/REXX0018
2023-08-06 08:31:45.327566 - Found REXX0019.rexx (text/plain) in CBT.V505.FILE931.PDS, moved to PDS/REXX0019
2023-08-06 08:31:45.328342 - Found REXX0020.rexx (text/plain) in CBT.V505.FILE931.PDS, moved to PDS/REXX0020
2023-08-06 08:31:45.329167 - Found REXX0021.rexx (text/plain) in CBT.V505.FILE931.PDS, moved to PDS/REXX0021
2023-08-06 08:31:45.330148 - Found REXX0022.rexx (text/plain) in CBT.V505.FILE931.PDS, moved to PDS/REXX0022
2023-08-06 08:31:45.331118 - Found REXX0023.rexx (text/plain) in CBT.V505.FILE931.PDS, moved to PDS/REXX0023
2023-08-06 08:31:45.331978 - Found REXX0024.rexx (text/plain) in CBT.V505.FILE931.PDS, moved to PDS/REXX0024
2023-08-06 08:31:45.332810 - Found REXX0025.rexx (text/plain) in CBT.V505.FILE931.PDS, moved to PDS/REXX0025
2023-08-06 08:31:45.333613 - Found REXX0026.rexx (text/plain) in CBT.V505.FILE931.PDS, moved to PDS/REXX0026
2023-08-06 08:31:45.334535 - Found REXX0027.rexx (text/plain) in CBT.V505.FILE931.PDS, moved to PDS/REXX0027
2023-08-06 08:31:45.335440 - Found REXX0028.rexx (text/plain) in CBT.V505.FILE931.PDS, moved to PDS/REXX0028
2023-08-06 08:31:45.336269 - Found REXX0029.rexx (text/plain) in CBT.V505.FILE931.PDS, moved to PDS/REXX0029
2023-08-06 08:31:45.337155 - Found REXX0030.rexx (text/plain) in CBT.V505.FILE931.PDS, moved to PDS/REXX0030
2023-08-06 08:31:45.338078 - Found REXX0031.rexx (text/plain) in CBT.V505.FILE931.PDS, moved to PDS/REXX0031
2023-08-06 08:31:45.339010 - Found REXX0032.rexx (text/plain) in CBT.V505.FILE931.PDS, moved to PDS/REXX0032
2023-08-06 08:31:45.339923 - Found REXX0033.rexx (text/plain) in CBT.V505.FILE931.PDS, moved to PDS/REXX0033
2023-08-06 08:31:45.340831 - Found REXX0034.rexx (text/plain) in CBT.V505.FILE931.PDS, moved to PDS/REXX0034
2023-08-06 08:31:45.341708 - Found REXX0035.rexx (text/plain) in CBT.V505.FILE931.PDS, moved to PDS/REXX0035
2023-08-06 08:31:45.342669 - Found REXX0036.rexx (text/plain) in CBT.V505.FILE931.PDS, moved to PDS/REXX0036
2023-08-06 08:31:45.343643 - Found REXX0037.rexx (text/plain) in CBT.V505.FILE931.PDS, moved to PDS/REXX0037
2023-08-06 08:31:45.344572 - Found REXX0038.rexx (text/plain) in CBT.V505.FILE931.PDS, moved to PDS/REXX0038
2023-08-06 08:31:45.345516 - Found REXX0039.rexx (text/plain) in CBT.V505.FILE931.PDS, moved to PDS/REXX0039
2023-08-06 08:31:45.346404 - Found REXX0040.rexx (text/plain) in CBT.V505.FILE931.PDS, moved to PDS/REXX0040
2023-08-06 08:31:45.347380 - Found REXX0041.rexx (text/plain) in CBT.V505.FILE931.PDS, moved to PDS/REXX0041
2023-08-06 08:31:45.348336 - Found REXX0042.rexx (text/plain) in CBT.V505.FILE931.PDS, moved to PDS/REXX0042
2023-08-06 08:31:45.349294 - Found REXX0043.rexx (text/plain) in CBT.V505.FILE931.PDS, moved to PDS/REXX0043
2023-08-06 08:31:45.350188 - Found REXX0044.rexx (text/plain) in CBT.V505.FILE931.PDS, moved to PDS/REXX0044
2023-08-06 08:31:45.351062 - Found REXX0045.rexx (text/plain) in CBT.V505.FILE931.PDS, moved to PDS/REXX0045
2023-08-06 08:31:45.351900 - Found REXX0046.rexx (text/plain) in CBT.V505.FILE931.PDS, moved to PDS/REXX0046
2023-08-06 08:31:45.352829 - Found REXX0047.rexx (text/plain) in CBT.V505.FILE931.PDS, moved to PDS/REXX0047
2023-08-06 08:31:45.353728 - Found REXX0048.rexx (text/plain) in CBT.V505.FILE931.PDS, moved to PDS/REXX0048
2023-08-06 08:31:45.354623 - Found REXX0049.rexx (text/plain) in CBT.V505.FILE931.PDS, moved to PDS/REXX0049
2023-08-06 08:31:45.355579 - Found REXX0050.rexx (text/plain) in CBT.V505.FILE931.PDS, moved to PDS/REXX0050
2023-08-06 08:31:45.356491 - Found REXX0051.rexx (text/plain) in CBT.V505.FILE931.PDS, moved to PDS/REXX0051
2023-08-06 08:31:45.357466 - Found REXX0052.rexx (text/plain) in CBT.V505.FILE931.PDS, moved to PDS/REXX0052
2023-08-06 08:31:45.358382 - Found REXX0053.rexx (text/plain) in CBT.V505.FILE931.PDS, moved to PDS/REXX0053
2023-08-06 08:31:45.359369 - Found REXX0054.rexx (text/plain) in CBT.V505.FILE931.PDS, moved to PDS/REXX0054
2023-08-06 08:31:45.360279 - Found REXX0055.rexx (text/plain) in CBT.V505.FILE931.PDS, moved to PDS/REXX0055
2023-08-06 08:31:45.361277 - Found REXX0056.rexx (text/plain) in CBT.V505.FILE931.PDS, moved to PDS/REXX0056
2023-08-06 08:31:45.362165 - Found REXX0057.rexx (text/plain) in CBT.V505.FILE931.PDS, moved to PDS/REXX0057
2023-08-06 08:31:45.363132 - Found REXX0058.rexx (text/plain) in CBT.V505.FILE931.PDS, moved to PDS/REXX0058
2023-08-06 08:31:45.364082 - Found REXX0059.rexx (text/plain) in CBT.V505.FILE931.PDS, moved to PDS/REXX0059
2023-08-06 08:31:45.365108 - Found REXX0060.rexx (text/plain) in CBT.V505.FILE931.PDS, moved to PDS/REXX0060
2023-08-06 08:31:45.365121 - Found REXX0061.bin containing application/octet-stream, moved to PDS/REXX0061
